2026-06-25T01:44:44.170956253Z [INFO] QMT-001.TradingNode: =================================================================
2026-06-25T01:44:44.171029679Z [INFO] QMT-001.TradingNode:  NAUTILUS TRADER - Automated Algorithmic Trading Platform
2026-06-25T01:44:44.171033716Z [INFO] QMT-001.TradingNode:  by Nautech Systems Pty Ltd.
2026-06-25T01:44:44.171035237Z [INFO] QMT-001.TradingNode:  Copyright (C) 2015-2026. All rights reserved.
2026-06-25T01:44:44.171036770Z [INFO] QMT-001.TradingNode: =================================================================
2026-06-25T01:44:44.171038622Z [INFO] QMT-001.TradingNode: 
2026-06-25T01:44:44.171040400Z [INFO] QMT-001.TradingNode: ⠀⠀⠀⠀⠀⠀⠀⠀⠀⠀⠀⠀⠀⣠⣴⣶⡟⠀⠀⠀⠀⠀⠀⠀⠀⠀⠀⠀⠀⠀⠀
2026-06-25T01:44:44.171041677Z [INFO] QMT-001.TradingNode: ⠀⠀⠀⠀⠀⠀⠀⠀⠀⠀⠀⣰⣾⣿⣿⣿⠀⢸⣿⣿⣿⣿⣶⣶⣤⣀⠀⠀⠀⠀⠀
2026-06-25T01:44:44.171042865Z [INFO] QMT-001.TradingNode: ⠀⠀⠀⠀⠀⠀⢀⣴⡇⢀⣾⣿⣿⣿⣿⣿⠀⣾⣿⣿⣿⣿⣿⣿⣿⠿⠓⠀⠀⠀⠀
2026-06-25T01:44:44.171043938Z [INFO] QMT-001.TradingNode: ⠀⠀⠀⠀⠀⣰⣿⣿⡀⢸⣿⣿⣿⣿⣿⣿⠀⣿⣿⣿⣿⣿⣿⠟⠁⣠⣄⠀⠀⠀⠀
2026-06-25T01:44:44.171045033Z [INFO] QMT-001.TradingNode: ⠀⠀⠀⠀⢠⣿⣿⣿⣇⠀⢿⣿⣿⣿⣿⣿⠀⢻⣿⣿⣿⡿⢃⣠⣾⣿⣿⣧⡀⠀⠀
2026-06-25T01:44:44.171046155Z [INFO] QMT-001.TradingNode: ⠀⠀⠀⠠⣾⣿⣿⣿⣿⣿⣧⠈⠋⢀⣴⣧⠀⣿⡏⢠⡀⢸⣿⣿⣿⣿⣿⣿⣿⡇⠀
2026-06-25T01:44:44.171047409Z [INFO] QMT-001.TradingNode: ⠀⠀⠀⣀⠙⢿⣿⣿⣿⣿⣿⠇⢠⣿⣿⣿⡄⠹⠃⠼⠃⠈⠉⠛⠛⠛⠛⠛⠻⠇⠀
2026-06-25T01:44:44.171048406Z [INFO] QMT-001.TradingNode: ⠀⠀⢸⡟⢠⣤⠉⠛⠿⢿⣿⠀⢸⣿⡿⠋⣠⣤⣄⠀⣾⣿⣿⣶⣶⣶⣦⡄⠀⠀⠀
2026-06-25T01:44:44.171049403Z [INFO] QMT-001.TradingNode: ⠀⠀⠸⠀⣾⠏⣸⣷⠂⣠⣤⠀⠘⢁⣴⣾⣿⣿⣿⡆⠘⣿⣿⣿⣿⣿⣿⠀⠀⠀⠀
2026-06-25T01:44:44.171050446Z [INFO] QMT-001.TradingNode: ⠀⠀⠀⠀⠛⠀⣿⡟⠀⢻⣿⡄⠸⣿⣿⣿⣿⣿⣿⣿⡀⠘⣿⣿⣿⣿⠟⠀⠀⠀⠀
2026-06-25T01:44:44.171051475Z [INFO] QMT-001.TradingNode: ⠀⠀⠀⠀⠀⠀⣿⠇⠀⠀⢻⡿⠀⠈⠻⣿⣿⣿⣿⣿⡇⠀⢹⣿⠿⠋⠀⠀⠀⠀⠀
2026-06-25T01:44:44.171052510Z [INFO] QMT-001.TradingNode: ⠀⠀⠀⠀⠀⠀⠋⠀⠀⠀⡘⠁⠀⠀⠀⠀⠀⠀⠀⠀⠀⠀⠈⠁⠀⠀⠀⠀⠀⠀⠀
2026-06-25T01:44:44.171053516Z [INFO] QMT-001.TradingNode: 
2026-06-25T01:44:44.171054528Z [INFO] QMT-001.TradingNode: =================================================================
2026-06-25T01:44:44.171056015Z [INFO] QMT-001.TradingNode:  SYSTEM SPECIFICATION
2026-06-25T01:44:44.171057103Z [INFO] QMT-001.TradingNode: =================================================================
2026-06-25T01:44:44.171061161Z [INFO] QMT-001.TradingNode: CPU architecture: Intel(R) Xeon(R) Platinum 8369B CPU @ 2.90GHz
2026-06-25T01:44:44.171065374Z [INFO] QMT-001.TradingNode: CPU(s): 128 @ 3449 MHz
2026-06-25T01:44:44.171068499Z [INFO] QMT-001.TradingNode: OS: kernel-5.15.0-73-generic Linux (Ubuntu 22.04)
2026-06-25T01:44:44.171488941Z [INFO] QMT-001.TradingNode: =================================================================
2026-06-25T01:44:44.171502481Z [INFO] QMT-001.TradingNode:  MEMORY USAGE
2026-06-25T01:44:44.171504420Z [INFO] QMT-001.TradingNode: =================================================================
2026-06-25T01:44:44.171509724Z [INFO] QMT-001.TradingNode: RAM-Total: 1006.99 GiB
2026-06-25T01:44:44.171515285Z [INFO] QMT-001.TradingNode: RAM-Used: 171.77 GiB (17.06%)
2026-06-25T01:44:44.171517665Z [INFO] QMT-001.TradingNode: RAM-Avail: 835.22 GiB (82.94%)
2026-06-25T01:44:44.171521369Z [INFO] QMT-001.TradingNode: Swap: disabled
2026-06-25T01:44:44.171526113Z [INFO] QMT-001.TradingNode: =================================================================
2026-06-25T01:44:44.171528253Z [INFO] QMT-001.TradingNode:  IDENTIFIERS
2026-06-25T01:44:44.171530949Z [INFO] QMT-001.TradingNode: =================================================================
2026-06-25T01:44:44.171534407Z [INFO] QMT-001.TradingNode: trader_id: QMT-001
2026-06-25T01:44:44.171536767Z [INFO] QMT-001.TradingNode: machine_id: ai-t3
2026-06-25T01:44:44.171542404Z [INFO] QMT-001.TradingNode: instance_id: 3bdb9223-287e-4729-8a41-0ae0c300de70
2026-06-25T01:44:44.171545053Z [INFO] QMT-001.TradingNode: PID: 3298640
2026-06-25T01:44:44.171546386Z [INFO] QMT-001.TradingNode: =================================================================
2026-06-25T01:44:44.171547685Z [INFO] QMT-001.TradingNode:  VERSIONING
2026-06-25T01:44:44.171548808Z [INFO] QMT-001.TradingNode: =================================================================
2026-06-25T01:44:44.171595525Z [INFO] QMT-001.TradingNode: nautilus_trader: 1.229.0
2026-06-25T01:44:44.171612462Z [INFO] QMT-001.TradingNode: python: 3.12.13
2026-06-25T01:44:44.171621485Z [INFO] QMT-001.TradingNode: numpy: 2.1.3
2026-06-25T01:44:44.171627599Z [INFO] QMT-001.TradingNode: pandas: 2.3.3
2026-06-25T01:44:44.171635438Z [INFO] QMT-001.TradingNode: msgspec: 0.21.1
2026-06-25T01:44:44.171640647Z [INFO] QMT-001.TradingNode: pyarrow: 24.0.0
2026-06-25T01:44:44.171645829Z [INFO] QMT-001.TradingNode: pytz: 2026.2
2026-06-25T01:44:44.171652459Z [INFO] QMT-001.TradingNode: uvloop: 0.22.1
2026-06-25T01:44:44.171654661Z [INFO] QMT-001.TradingNode: =================================================================
2026-06-25T01:44:44.171725618Z [INFO] QMT-001.TradingNode: Building system kernel
2026-06-25T01:44:44.172072504Z [INFO] QMT-001.MessageBus: config.database=None
2026-06-25T01:44:44.172092507Z [INFO] QMT-001.MessageBus: config.encoding='json'
2026-06-25T01:44:44.172096283Z [INFO] QMT-001.MessageBus: config.timestamps_as_iso8601=False
2026-06-25T01:44:44.172098558Z [INFO] QMT-001.MessageBus: config.buffer_interval_ms=None
2026-06-25T01:44:44.172101634Z [INFO] QMT-001.MessageBus: config.autotrim_mins=None
2026-06-25T01:44:44.172104337Z [INFO] QMT-001.MessageBus: config.use_trader_prefix=True
2026-06-25T01:44:44.172106734Z [INFO] QMT-001.MessageBus: config.use_trader_id=True
2026-06-25T01:44:44.172110282Z [INFO] QMT-001.MessageBus: config.use_instance_id=False
2026-06-25T01:44:44.172112731Z [INFO] QMT-001.MessageBus: config.streams_prefix='stream'
2026-06-25T01:44:44.172114726Z [INFO] QMT-001.MessageBus: config.types_filter=None
2026-06-25T01:44:44.172250162Z [INFO] QMT-001.Cache: READY
2026-06-25T01:44:44.173077958Z [INFO] QMT-001.DataEngine: READY
2026-06-25T01:44:44.173318413Z [INFO] QMT-001.DataEngine: config.graceful_shutdown_on_exception=False
2026-06-25T01:44:44.173395165Z [INFO] QMT-001.RiskEngine: READY
2026-06-25T01:44:44.173489147Z [INFO] QMT-001.RiskEngine: TradingState is ACTIVE
2026-06-25T01:44:44.173597760Z [INFO] QMT-001.Throttler-ORDER_SUBMIT_THROTTLER: READY
2026-06-25T01:44:44.173626246Z [INFO] QMT-001.RiskEngine: Set MAX_ORDER_SUBMIT_RATE: 100/00:00:01
2026-06-25T01:44:44.173651831Z [INFO] QMT-001.Throttler-ORDER_MODIFY_THROTTLER: READY
2026-06-25T01:44:44.173662233Z [INFO] QMT-001.RiskEngine: Set MAX_ORDER_MODIFY_RATE: 100/00:00:01
2026-06-25T01:44:44.173707966Z [INFO] QMT-001.RiskEngine: config.graceful_shutdown_on_exception=False
2026-06-25T01:44:44.173774677Z [INFO] QMT-001.ExecEngine: READY
2026-06-25T01:44:44.173816576Z [INFO] QMT-001.ExecEngine: config.snapshot_orders=False
2026-06-25T01:44:44.173820161Z [INFO] QMT-001.ExecEngine: config.snapshot_positions=False
2026-06-25T01:44:44.173822214Z [INFO] QMT-001.ExecEngine: config.snapshot_positions_interval_secs=None
2026-06-25T01:44:44.173823781Z [INFO] QMT-001.ExecEngine: config.allow_overfills=False
2026-06-25T01:44:44.173881648Z [INFO] QMT-001.ExecEngine: config.reconciliation=True
2026-06-25T01:44:44.173885604Z [INFO] QMT-001.ExecEngine: config.reconciliation_lookback_mins=1440
2026-06-25T01:44:44.173887403Z [INFO] QMT-001.ExecEngine: config.reconciliation_instrument_ids=None
2026-06-25T01:44:44.173889319Z [INFO] QMT-001.ExecEngine: config.filter_unclaimed_external_orders=True
2026-06-25T01:44:44.173891318Z [INFO] QMT-001.ExecEngine: config.filter_position_reports=False
2026-06-25T01:44:44.173893006Z [INFO] QMT-001.ExecEngine: config.filtered_client_order_ids=None
2026-06-25T01:44:44.173895169Z [INFO] QMT-001.ExecEngine: config.inflight_check_interval_ms=2000
2026-06-25T01:44:44.173896555Z [INFO] QMT-001.ExecEngine: config.inflight_check_threshold_ms=5000
2026-06-25T01:44:44.173898111Z [INFO] QMT-001.ExecEngine: config.inflight_check_retries=5
2026-06-25T01:44:44.173899456Z [INFO] QMT-001.ExecEngine: config.own_books_audit_interval_secs=None
2026-06-25T01:44:44.173900893Z [INFO] QMT-001.ExecEngine: config.open_check_interval_secs=None
2026-06-25T01:44:44.173902222Z [INFO] QMT-001.ExecEngine: config.open_check_open_only=True
2026-06-25T01:44:44.173903831Z [INFO] QMT-001.ExecEngine: config.open_check_lookback_mins=60
2026-06-25T01:44:44.173905285Z [INFO] QMT-001.ExecEngine: config.open_check_threshold_ms=5000
2026-06-25T01:44:44.173906533Z [INFO] QMT-001.ExecEngine: config.open_check_missing_retries=5
2026-06-25T01:44:44.173908127Z [INFO] QMT-001.ExecEngine: config.max_single_order_queries_per_cycle=10
2026-06-25T01:44:44.173911499Z [INFO] QMT-001.ExecEngine: config.single_order_query_delay_ms=100
2026-06-25T01:44:44.173913310Z [INFO] QMT-001.ExecEngine: config.position_check_interval_secs=None
2026-06-25T01:44:44.173914762Z [INFO] QMT-001.ExecEngine: config.position_check_lookback_mins=60
2026-06-25T01:44:44.173916001Z [INFO] QMT-001.ExecEngine: config.position_check_threshold_ms=5000
2026-06-25T01:44:44.173917895Z [INFO] QMT-001.ExecEngine: config.position_check_retries=3
2026-06-25T01:44:44.173921502Z [INFO] QMT-001.ExecEngine: config.reconciliation_startup_delay_secs=10.0
2026-06-25T01:44:44.173923602Z [INFO] QMT-001.ExecEngine: config.purge_closed_orders_interval_mins=None
2026-06-25T01:44:44.173924851Z [INFO] QMT-001.ExecEngine: config.purge_closed_orders_buffer_mins=None
2026-06-25T01:44:44.173926219Z [INFO] QMT-001.ExecEngine: config.purge_closed_positions_interval_mins=None
2026-06-25T01:44:44.173927627Z [INFO] QMT-001.ExecEngine: config.purge_closed_positions_buffer_mins=None
2026-06-25T01:44:44.173928857Z [INFO] QMT-001.ExecEngine: config.purge_account_events_interval_mins=None
2026-06-25T01:44:44.173930517Z [INFO] QMT-001.ExecEngine: config.purge_account_events_lookback_mins=None
2026-06-25T01:44:44.173932047Z [INFO] QMT-001.ExecEngine: config.purge_from_database=False
2026-06-25T01:44:44.173933587Z [INFO] QMT-001.ExecEngine: config.graceful_shutdown_on_exception=False
2026-06-25T01:44:44.173993105Z [INFO] QMT-001.Cache: Cached 0 general objects from database
2026-06-25T01:44:44.173998552Z [INFO] QMT-001.Cache: Cached 0 currencies from database
2026-06-25T01:44:44.174002223Z [INFO] QMT-001.Cache: Cached 0 instruments from database
2026-06-25T01:44:44.174006273Z [INFO] QMT-001.Cache: Cached 0 accounts from database
2026-06-25T01:44:44.174014078Z [INFO] QMT-001.Cache: Cached 0 orders from database
2026-06-25T01:44:44.174017842Z [INFO] QMT-001.Cache: Cached 0 order lists from database
2026-06-25T01:44:44.174021014Z [INFO] QMT-001.Cache: Cached 0 positions from database
2026-06-25T01:44:44.174031363Z [INFO] QMT-001.Cache: Checking data integrity
2026-06-25T01:44:44.174042584Z [INFO] QMT-001.Cache: Integrity check passed in 8μs
2026-06-25T01:44:44.174056537Z [INFO] QMT-001.ExecEngine: Loaded cache in 1ms
2026-06-25T01:44:44.174127376Z [INFO] QMT-001.OrderEmulator: READY
2026-06-25T01:44:44.174189596Z [INFO] QMT-001.QMT-001: READY
2026-06-25T01:44:44.174228206Z [INFO] QMT-001.TradingNode: Initialized in 1015ms
2026-06-25T01:44:44.174249538Z [INFO] QMT-001.TradingNode: has_cache_backing=False
2026-06-25T01:44:44.174252424Z [INFO] QMT-001.TradingNode: has_msgbus_backing=False
2026-06-25T01:44:44.175275092Z [INFO] QMT-001.LiveModelPredictionsStrategy: READY
2026-06-25T01:44:44.175371545Z [INFO] QMT-001.ExecEngine: Registered OMS.UNSPECIFIED for Strategy LiveModelPredictionsStrategy-001
2026-06-25T01:44:44.175399239Z [INFO] QMT-001.ExecEngine: Registered external order claims for LiveModelPredictionsStrategy-001: [InstrumentId('000001.SZ.QMT'), InstrumentId('000002.SZ.QMT')]
2026-06-25T01:44:44.175405568Z [INFO] QMT-001.QMT-001: Registered Strategy LiveModelPredictionsStrategy-001
2026-06-25T01:44:44.175423915Z [INFO] QMT-001.TradingNode: Building data client for QMT
2026-06-25T01:44:44.175474322Z [INFO] QMT-001.QMTInstrumentProvider: READY
2026-06-25T01:44:44.175554059Z [INFO] QMT-001.DataClient-QMT: READY
2026-06-25T01:44:44.175591482Z [INFO] QMT-001.DataClient-QMT: config.base_url_http='https://2395ebf9eb74494ba7c720002d305ccb.hn.takin.cc/'
2026-06-25T01:44:44.175595501Z [INFO] QMT-001.DataClient-QMT: config.base_url_ws='wss://2395ebf9eb74494ba7c720002d305ccb.hn.takin.cc/'
2026-06-25T01:44:44.175597275Z [INFO] QMT-001.DataClient-QMT: config.adjust_type='none'
2026-06-25T01:44:44.175606223Z [INFO] QMT-001.DataEngine: Registered QMT
2026-06-25T01:44:44.175613301Z [INFO] QMT-001.TradingNode: Building execution client for QMT
2026-06-25T01:44:44.175637152Z [INFO] QMT-001.QMTInstrumentProvider: READY
2026-06-25T01:44:44.175692465Z [INFO] QMT-001.ExecClient-QMT: READY
2026-06-25T01:44:44.175730340Z [INFO] QMT-001.ExecClient-QMT: config.base_url_http='https://2395ebf9eb74494ba7c720002d305ccb.hn.takin.cc/'
2026-06-25T01:44:44.175734352Z [INFO] QMT-001.ExecClient-QMT: config.account_id='86904088'
2026-06-25T01:44:44.175736555Z [INFO] QMT-001.ExecClient-QMT: config.account_type='STOCK'
2026-06-25T01:44:44.175739179Z [INFO] QMT-001.ExecClient-QMT: config.poll_interval_secs=1.0
2026-06-25T01:44:44.175744326Z [INFO] QMT-001.ExecEngine: Registered ExecutionClient-QMT
2026-06-25T01:44:44.175904854Z [INFO] QMT-001.TradingNode: STARTING
2026-06-25T01:44:44.175962311Z [INFO] QMT-001.DataClient-QMT: RUNNING
2026-06-25T01:44:44.176000999Z [INFO] QMT-001.DataEngine: RUNNING
2026-06-25T01:44:44.176023344Z [INFO] QMT-001.RiskEngine: RUNNING
2026-06-25T01:44:44.176038298Z [INFO] QMT-001.ExecClient-QMT: RUNNING
2026-06-25T01:44:44.176062386Z [INFO] QMT-001.ExecEngine: Started reconciliation task
2026-06-25T01:44:44.176069924Z [INFO] QMT-001.ExecEngine: RUNNING
2026-06-25T01:44:44.176077234Z [INFO] QMT-001.DataEngine: Connecting all clients...
2026-06-25T01:44:44.176081651Z [INFO] QMT-001.DataClient-QMT: Connecting...
2026-06-25T01:44:44.176265469Z [INFO] QMT-001.ExecEngine: Connecting all clients...
2026-06-25T01:44:44.176273713Z [INFO] QMT-001.ExecClient-QMT: Connecting...
2026-06-25T01:44:44.176292958Z [INFO] QMT-001.TradingNode: Awaiting engine connections and initializations (30.0s timeout)...
2026-06-25T01:44:44.176469466Z [INFO] QMT-001.ExecEngine: Starting continuous reconciliation with intervals: inflight=2000ms, consistency=Nones, position=Nones
2026-06-25T01:44:44.176481455Z [INFO] QMT-001.ExecEngine: Awaiting startup reconciliation completion before starting continuous checks
2026-06-25T01:44:44.176613038Z [INFO] QMT-001.QMTInstrumentProvider: Initializing instruments...
2026-06-25T01:44:44.176632238Z [INFO] QMT-001.QMTInstrumentProvider: Loading instruments: 000002.SZ.QMT, 000001.SZ.QMT...
2026-06-25T01:44:44.177319233Z [INFO] QMT-001.QMTInstrumentProvider: Initializing instruments...
2026-06-25T01:44:44.177341179Z [INFO] QMT-001.QMTInstrumentProvider: Loading instruments: 000002.SZ.QMT, 000001.SZ.QMT...
2026-06-25T01:44:44.750086731Z [INFO] QMT-001.QMTInstrumentProvider: Loaded 2 instruments
2026-06-25T01:44:44.750147802Z [INFO] QMT-001.QMTInstrumentProvider: Initialized instruments
2026-06-25T01:44:44.750393353Z [INFO] QMT-001.DataClient-QMT: Connected
2026-06-25T01:44:44.763236419Z [INFO] QMT-001.QMTInstrumentProvider: Loaded 2 instruments
2026-06-25T01:44:44.763271357Z [INFO] QMT-001.QMTInstrumentProvider: Initialized instruments
2026-06-25T01:44:44.985109597Z [INFO] QMT-001.Portfolio: Updated AccountState(account_id=QMT-86904088, account_type=CASH, base_currency=CNY, is_reported=True, balances=[AccountBalance(total=9_991_459.60 CNY, locked=0.00 CNY, free=9_991_459.60 CNY)], margins=[], event_id=9309151a-c84b-497c-a7bd-85a53589f84f)
2026-06-25T01:44:44.985479222Z [INFO] QMT-001.ExecClient-QMT: Connected
2026-06-25T01:44:44.985589684Z [INFO] QMT-001.TradingNode: Awaiting execution state reconciliation (10.0s timeout)...
2026-06-25T01:44:44.985681492Z [INFO] QMT-001.ExecClient-QMT: Generating ExecutionMassStatus...
2026-06-25T01:44:45.065094192Z [INFO] QMT-001.Portfolio: Updated AccountState(account_id=QMT-86904088, account_type=CASH, base_currency=CNY, is_reported=True, balances=[AccountBalance(total=9_991_459.60 CNY, locked=0.00 CNY, free=9_991_459.60 CNY)], margins=[], event_id=9418dd3e-8819-4f4c-aa0d-1e7042102482)
2026-06-25T01:44:45.172841516Z [INFO] QMT-001.ExecEngine: Reconciling ExecutionMassStatus for QMT
2026-06-25T01:44:45.172966131Z [INFO] QMT-001.ExecEngine: Attempting to adjust fills for 1 instruments
2026-06-25T01:44:45.179410750Z [INFO] QMT-001.ExecEngine: Updating adjusted fills for 1 instruments
2026-06-25T01:44:45.179470250Z [INFO] QMT-001.ExecEngine: Final order_reports contains 6 orders, fill_reports contains 5 fills across all instruments
2026-06-25T01:44:45.179717542Z [INFO] QMT-001.ExecEngine: External order 68c57ff5-7aff-448e-bf59-590d44ab8002 for 000001.SZ.QMT claimed by strategy LiveModelPredictionsStrategy-001
2026-06-25T01:44:45.180225556Z [INFO] QMT-001.LiveModelPredictionsStrategy: <--[EVT] OrderAccepted(instrument_id=000001.SZ.QMT, client_order_id=68c57ff5-7aff-448e-bf59-590d44ab8002, venue_order_id=1090531764, account_id=QMT-86904088, ts_event=1782351577000000000)
2026-06-25T01:44:45.180539882Z [INFO] QMT-001.Portfolio: 000001.SZ.QMT account=QMT-86904088 net_position=-1100
2026-06-25T01:44:45.180609151Z [INFO] QMT-001.LiveModelPredictionsStrategy: <--[EVT] OrderFilled(instrument_id=000001.SZ.QMT, client_order_id=68c57ff5-7aff-448e-bf59-590d44ab8002, venue_order_id=1090531764, account_id=QMT-86904088, trade_id=1010000032546807, position_id=000001.SZ.QMT-LiveModelPredictionsStrategy-001, order_side=SELL, order_type=MARKET, last_qty=1_100, last_px=10.53 CNY, commission=0.00 CNY, liquidity_side=NO_LIQUIDITY_SIDE, ts_event=1782351622000000000)
2026-06-25T01:44:45.180661311Z [INFO] QMT-001.LiveModelPredictionsStrategy: <--[EVT] PositionOpened(instrument_id=000001.SZ.QMT, position_id=000001.SZ.QMT-LiveModelPredictionsStrategy-001, account_id=QMT-86904088, opening_order_id=68c57ff5-7aff-448e-bf59-590d44ab8002, closing_order_id=None, entry=SELL, side=SHORT, signed_qty=-1100.0, quantity=1_100, peak_qty=1_100, currency=CNY, avg_px_open=10.53, avg_px_close=0.0, realized_return=0.00000, realized_pnl=0.00 CNY, unrealized_pnl=0.00 CNY, ts_opened=1782351622000000000, ts_last=1782351622000000000, ts_closed=0, duration_ns=0)
2026-06-25T01:44:45.180721578Z [INFO] QMT-001.ExecEngine: Reconciling NET position for 600000.SH.QMT
2026-06-25T01:44:45.180731459Z [INFO] QMT-001.ExecEngine: Reconciling NET position for 600036.SH.QMT
2026-06-25T01:44:45.180736523Z [INFO] QMT-001.ExecEngine: Reconciling NET position for 000001.SZ.QMT
2026-06-25T01:44:45.180771032Z [INFO] QMT-001.ExecEngine: report.signed_decimal_qty=Decimal('0')
2026-06-25T01:44:45.180774583Z [INFO] QMT-001.ExecEngine: position_signed_decimal_qty=Decimal('-1100')
2026-06-25T01:44:45.180786054Z [INFO] QMT-001.ExecEngine: diff_quantity=Quantity(1100)
2026-06-25T01:44:45.181027763Z [INFO] QMT-001.ExecEngine: External order 4aee1325-64f4-4a34-aded-46f8de1c338c for 000001.SZ.QMT claimed by strategy LiveModelPredictionsStrategy-001
2026-06-25T01:44:45.181170884Z [INFO] QMT-001.LiveModelPredictionsStrategy: <--[EVT] OrderAccepted(instrument_id=000001.SZ.QMT, client_order_id=4aee1325-64f4-4a34-aded-46f8de1c338c, venue_order_id=fc765b92-7622-5ca8-8600-6fc17bd3e6ec, account_id=QMT-86904088, ts_event=1782351885180843896)
2026-06-25T01:44:45.181395531Z [INFO] QMT-001.ExecEngine: Generated inferred OrderFilled(instrument_id=000001.SZ.QMT, client_order_id=4aee1325-64f4-4a34-aded-46f8de1c338c, venue_order_id=fc765b92-7622-5ca8-8600-6fc17bd3e6ec, account_id=QMT-86904088, trade_id=fcc71a07-febd-5451-931f-f0425499c64d, position_id=000001.SZ.QMT-EXTERNAL, order_side=BUY, order_type=LIMIT, last_qty=1_100, last_px=10.53 CNY, commission=0.00 CNY, liquidity_side=NO_LIQUIDITY_SIDE, ts_event=1782351885180843896)
2026-06-25T01:44:45.182611740Z [INFO] QMT-001.LiveModelPredictionsStrategy: <--[EVT] OrderFilled(instrument_id=000001.SZ.QMT, client_order_id=4aee1325-64f4-4a34-aded-46f8de1c338c, venue_order_id=fc765b92-7622-5ca8-8600-6fc17bd3e6ec, account_id=QMT-86904088, trade_id=fcc71a07-febd-5451-931f-f0425499c64d, position_id=000001.SZ.QMT-LiveModelPredictionsStrategy-001, order_side=BUY, order_type=LIMIT, last_qty=1_100, last_px=10.53 CNY, commission=0.00 CNY, liquidity_side=NO_LIQUIDITY_SIDE, ts_event=1782351885180843896)
2026-06-25T01:44:45.182644746Z [INFO] QMT-001.LiveModelPredictionsStrategy: <--[EVT] PositionClosed(instrument_id=000001.SZ.QMT, position_id=000001.SZ.QMT-LiveModelPredictionsStrategy-001, account_id=QMT-86904088, opening_order_id=68c57ff5-7aff-448e-bf59-590d44ab8002, closing_order_id=4aee1325-64f4-4a34-aded-46f8de1c338c, entry=SELL, side=FLAT, signed_qty=0.0, quantity=0, peak_qty=1_100, currency=CNY, avg_px_open=10.53, avg_px_close=10.53, realized_return=0.00000, realized_pnl=0.00 CNY, unrealized_pnl=0.00 CNY, ts_opened=1782351622000000000, ts_last=1782351885180843896, ts_closed=1782351885180843896, duration_ns=263180843896)
2026-06-25T01:44:45.182667858Z [INFO] QMT-001.ExecEngine: Reconciling NET position for 159530.SZ.QMT
2026-06-25T01:44:45.182729296Z [INFO] QMT-001.ExecEngine: Reconciliation for QMT succeeded
2026-06-25T01:44:45.182760660Z [INFO] QMT-001.TradingNode: Execution state reconciled
2026-06-25T01:44:45.182870272Z [INFO] QMT-001.OrderEmulator: No emulated orders to reactivate
2026-06-25T01:44:45.182907960Z [INFO] QMT-001.OrderEmulator: RUNNING
2026-06-25T01:44:45.182929140Z [INFO] QMT-001.Portfolio: Initialized 0 open orders
2026-06-25T01:44:45.182933032Z [INFO] QMT-001.Portfolio: Initialized 0 open positions
2026-06-25T01:44:45.182949103Z [INFO] QMT-001.TradingNode: Awaiting portfolio initialization (10.0s timeout)...
2026-06-25T01:44:45.183088225Z [INFO] QMT-001.ExecEngine: Startup reconciliation completed
2026-06-25T01:44:45.183103828Z [INFO] QMT-001.ExecEngine: Applying post-reconciliation startup delay (10.0s)
2026-06-25T01:44:45.183163579Z [INFO] QMT-001.TradingNode: Portfolio initialized
2026-06-25T01:44:45.183254901Z [INFO] QMT-001.LiveModelPredictionsStrategy: self.config.oms_type=None
2026-06-25T01:44:45.183288367Z [INFO] QMT-001.LiveModelPredictionsStrategy: self.config.external_order_claims=[InstrumentId('000001.SZ.QMT'), InstrumentId('000002.SZ.QMT')]
2026-06-25T01:44:45.183294547Z [INFO] QMT-001.LiveModelPredictionsStrategy: self.config.manage_gtd_expiry=False
2026-06-25T01:44:45.183324353Z [INFO] QMT-001.LiveModelPredictionsStrategy: Set ClientOrderIdGenerator client_order_id count to 2
2026-06-25T01:44:45.183327513Z [INFO] QMT-001.LiveModelPredictionsStrategy: Set ClientOrderIdGenerator order_list_id count to 0
2026-06-25T01:44:45.183547922Z [INFO] QMT-001.LiveModelPredictionsStrategy: [CMD]--> SubscribeBars(bar_type=000001.SZ.QMT-1-DAY-LAST-EXTERNAL, client_id=None, venue=QMT)
2026-06-25T01:44:45.183595390Z [INFO] QMT-001.LiveModelPredictionsStrategy: [CMD]--> SubscribeBars(bar_type=000002.SZ.QMT-1-DAY-LAST-EXTERNAL, client_id=None, venue=QMT)
2026-06-25T01:44:45.189768040Z [INFO] QMT-001.LiveModelPredictionsStrategy: RUNNING
2026-06-25T01:44:45.189822930Z [INFO] QMT-001.QMT-001: RUNNING
2026-06-25T01:44:45.189849675Z [INFO] QMT-001.TradingNode: RUNNING
2026-06-25T01:44:45.302443221Z [INFO] QMT-001.DataClient-QMT: Subscribed 000001.SZ.QMT-1-DAY-LAST-EXTERNAL bars
2026-06-25T01:44:45.398689127Z [INFO] QMT-001.DataClient-QMT: Subscribed 000002.SZ.QMT-1-DAY-LAST-EXTERNAL bars
2026-06-25T01:44:46.323840915Z [INFO] QMT-001.Portfolio: Updated AccountState(account_id=QMT-86904088, account_type=CASH, base_currency=CNY, is_reported=True, balances=[AccountBalance(total=9_991_459.60 CNY, locked=0.00 CNY, free=9_991_459.60 CNY)], margins=[], event_id=3e4fb7a9-8ca7-4231-976c-b743215b3af2)
2026-06-25T01:44:47.574272013Z [INFO] QMT-001.Portfolio: Updated AccountState(account_id=QMT-86904088, account_type=CASH, base_currency=CNY, is_reported=True, balances=[AccountBalance(total=9_991_459.60 CNY, locked=0.00 CNY, free=9_991_459.60 CNY)], margins=[], event_id=4c7929e1-4594-4b49-b136-9bddc24519ba)
2026-06-25T01:44:48.817357006Z [INFO] QMT-001.Portfolio: Updated AccountState(account_id=QMT-86904088, account_type=CASH, base_currency=CNY, is_reported=True, balances=[AccountBalance(total=9_991_459.60 CNY, locked=0.00 CNY, free=9_991_459.60 CNY)], margins=[], event_id=43292935-58ff-492b-a1d6-ba0bbab91f44)
2026-06-25T01:44:50.055423613Z [INFO] QMT-001.Portfolio: Updated AccountState(account_id=QMT-86904088, account_type=CASH, base_currency=CNY, is_reported=True, balances=[AccountBalance(total=9_991_459.60 CNY, locked=0.00 CNY, free=9_991_459.60 CNY)], margins=[], event_id=acae13f2-a82d-436c-8a82-e4a8001d7658)
2026-06-25T01:44:51.303866016Z [INFO] QMT-001.Portfolio: Updated AccountState(account_id=QMT-86904088, account_type=CASH, base_currency=CNY, is_reported=True, balances=[AccountBalance(total=9_991_459.60 CNY, locked=0.00 CNY, free=9_991_459.60 CNY)], margins=[], event_id=424c525b-b4c5-4c1b-b74f-5a66ddffb014)
2026-06-25T01:44:52.544069404Z [INFO] QMT-001.Portfolio: Updated AccountState(account_id=QMT-86904088, account_type=CASH, base_currency=CNY, is_reported=True, balances=[AccountBalance(total=9_991_459.60 CNY, locked=0.00 CNY, free=9_991_459.60 CNY)], margins=[], event_id=663de4c3-15b9-4485-8f66-3ec4cb905304)
2026-06-25T01:44:53.823794137Z [INFO] QMT-001.Portfolio: Updated AccountState(account_id=QMT-86904088, account_type=CASH, base_currency=CNY, is_reported=True, balances=[AccountBalance(total=9_991_459.60 CNY, locked=0.00 CNY, free=9_991_459.60 CNY)], margins=[], event_id=3d190246-6f26-42d0-b3ad-74ba2c0836ca)
2026-06-25T01:44:55.068846300Z [INFO] QMT-001.Portfolio: Updated AccountState(account_id=QMT-86904088, account_type=CASH, base_currency=CNY, is_reported=True, balances=[AccountBalance(total=9_991_459.60 CNY, locked=0.00 CNY, free=9_991_459.60 CNY)], margins=[], event_id=048bff83-cc82-4118-bf8b-513de00a0f0e)
2026-06-25T01:44:56.305886071Z [INFO] QMT-001.Portfolio: Updated AccountState(account_id=QMT-86904088, account_type=CASH, base_currency=CNY, is_reported=True, balances=[AccountBalance(total=9_991_459.60 CNY, locked=0.00 CNY, free=9_991_459.60 CNY)], margins=[], event_id=6af38edc-7fa2-49e1-85b5-61d9f787392b)
2026-06-25T01:44:57.555425954Z [INFO] QMT-001.Portfolio: Updated AccountState(account_id=QMT-86904088, account_type=CASH, base_currency=CNY, is_reported=True, balances=[AccountBalance(total=9_991_459.60 CNY, locked=0.00 CNY, free=9_991_459.60 CNY)], margins=[], event_id=7783cdf0-95e8-4192-8bf8-f6ccfd279bde)
2026-06-25T01:44:58.802582284Z [INFO] QMT-001.Portfolio: Updated AccountState(account_id=QMT-86904088, account_type=CASH, base_currency=CNY, is_reported=True, balances=[AccountBalance(total=9_991_459.60 CNY, locked=0.00 CNY, free=9_991_459.60 CNY)], margins=[], event_id=194b674b-2e2c-4de5-8240-be89608a1ccd)
2026-06-25T01:45:00.043302571Z [INFO] QMT-001.Portfolio: Updated AccountState(account_id=QMT-86904088, account_type=CASH, base_currency=CNY, is_reported=True, balances=[AccountBalance(total=9_991_459.60 CNY, locked=0.00 CNY, free=9_991_459.60 CNY)], margins=[], event_id=f0d99305-0a8b-4ef2-ac20-a458208bb9da)
2026-06-25T01:45:01.285677255Z [INFO] QMT-001.Portfolio: Updated AccountState(account_id=QMT-86904088, account_type=CASH, base_currency=CNY, is_reported=True, balances=[AccountBalance(total=9_991_459.60 CNY, locked=0.00 CNY, free=9_991_459.60 CNY)], margins=[], event_id=3ee70435-a741-4435-b674-31ea79a4f424)
2026-06-25T01:45:02.531500971Z [INFO] QMT-001.Portfolio: Updated AccountState(account_id=QMT-86904088, account_type=CASH, base_currency=CNY, is_reported=True, balances=[AccountBalance(total=9_991_459.60 CNY, locked=0.00 CNY, free=9_991_459.60 CNY)], margins=[], event_id=8247295b-cc4b-4c07-85e6-b45e87d49d67)
2026-06-25T01:45:03.861365444Z [INFO] QMT-001.Portfolio: Updated AccountState(account_id=QMT-86904088, account_type=CASH, base_currency=CNY, is_reported=True, balances=[AccountBalance(total=9_991_459.60 CNY, locked=0.00 CNY, free=9_991_459.60 CNY)], margins=[], event_id=ecfc05b7-6f0a-4b37-bba1-b61b5f8327c7)
2026-06-25T01:45:05.100456314Z [INFO] QMT-001.Portfolio: Updated AccountState(account_id=QMT-86904088, account_type=CASH, base_currency=CNY, is_reported=True, balances=[AccountBalance(total=9_991_459.60 CNY, locked=0.00 CNY, free=9_991_459.60 CNY)], margins=[], event_id=299b131c-facc-4061-8818-bb67e8cf838c)
2026-06-25T01:45:06.335930917Z [INFO] QMT-001.Portfolio: Updated AccountState(account_id=QMT-86904088, account_type=CASH, base_currency=CNY, is_reported=True, balances=[AccountBalance(total=9_991_459.60 CNY, locked=0.00 CNY, free=9_991_459.60 CNY)], margins=[], event_id=4a98c214-9309-4562-8238-3cf8b09be271)
2026-06-25T01:45:07.573610048Z [INFO] QMT-001.Portfolio: Updated AccountState(account_id=QMT-86904088, account_type=CASH, base_currency=CNY, is_reported=True, balances=[AccountBalance(total=9_991_459.60 CNY, locked=0.00 CNY, free=9_991_459.60 CNY)], margins=[], event_id=7d71282d-f57a-4fe7-b96a-d8434d4caa99)
2026-06-25T01:45:08.815331144Z [INFO] QMT-001.Portfolio: Updated AccountState(account_id=QMT-86904088, account_type=CASH, base_currency=CNY, is_reported=True, balances=[AccountBalance(total=9_991_459.60 CNY, locked=0.00 CNY, free=9_991_459.60 CNY)], margins=[], event_id=0169f2cf-a797-4a32-841e-dd7dd2b3e060)
2026-06-25T01:45:10.054823581Z [INFO] QMT-001.Portfolio: Updated AccountState(account_id=QMT-86904088, account_type=CASH, base_currency=CNY, is_reported=True, balances=[AccountBalance(total=9_991_459.60 CNY, locked=0.00 CNY, free=9_991_459.60 CNY)], margins=[], event_id=594961f4-d4b1-49b0-8231-ca15b5bcbaf7)
2026-06-25T01:45:11.300657054Z [INFO] QMT-001.Portfolio: Updated AccountState(account_id=QMT-86904088, account_type=CASH, base_currency=CNY, is_reported=True, balances=[AccountBalance(total=9_991_459.60 CNY, locked=0.00 CNY, free=9_991_459.60 CNY)], margins=[], event_id=d90d9ef3-fa7a-49ae-8c57-98334b97b26b)
2026-06-25T01:45:12.547588524Z [INFO] QMT-001.Portfolio: Updated AccountState(account_id=QMT-86904088, account_type=CASH, base_currency=CNY, is_reported=True, balances=[AccountBalance(total=9_991_459.60 CNY, locked=0.00 CNY, free=9_991_459.60 CNY)], margins=[], event_id=2b21204a-29fe-4ee4-8d68-ae6444f3c326)
2026-06-25T01:45:13.790825470Z [INFO] QMT-001.Portfolio: Updated AccountState(account_id=QMT-86904088, account_type=CASH, base_currency=CNY, is_reported=True, balances=[AccountBalance(total=9_991_459.60 CNY, locked=0.00 CNY, free=9_991_459.60 CNY)], margins=[], event_id=e2190243-e9a1-45c1-beee-35bdf4c2d6af)
2026-06-25T01:45:15.038063101Z [INFO] QMT-001.Portfolio: Updated AccountState(account_id=QMT-86904088, account_type=CASH, base_currency=CNY, is_reported=True, balances=[AccountBalance(total=9_991_459.60 CNY, locked=0.00 CNY, free=9_991_459.60 CNY)], margins=[], event_id=ea1d5913-87bd-4d19-9782-ff44a54339ec)
2026-06-25T01:45:16.294555616Z [INFO] QMT-001.Portfolio: Updated AccountState(account_id=QMT-86904088, account_type=CASH, base_currency=CNY, is_reported=True, balances=[AccountBalance(total=9_991_459.60 CNY, locked=0.00 CNY, free=9_991_459.60 CNY)], margins=[], event_id=66b510fd-d422-4740-82fc-0289b840ae98)
2026-06-25T01:45:17.532736925Z [INFO] QMT-001.Portfolio: Updated AccountState(account_id=QMT-86904088, account_type=CASH, base_currency=CNY, is_reported=True, balances=[AccountBalance(total=9_991_459.60 CNY, locked=0.00 CNY, free=9_991_459.60 CNY)], margins=[], event_id=15bcfbc9-808e-4c7a-8524-597e558f2766)
2026-06-25T01:45:18.776503243Z [INFO] QMT-001.Portfolio: Updated AccountState(account_id=QMT-86904088, account_type=CASH, base_currency=CNY, is_reported=True, balances=[AccountBalance(total=9_991_459.60 CNY, locked=0.00 CNY, free=9_991_459.60 CNY)], margins=[], event_id=ae1fcd86-be53-440d-a43c-2288cdba1a73)
